TN:
SF:src/config.ts
FN:19,ConfigError
FN:29,loadConfig
FNF:2
FNH:2
FNDA:5,ConfigError
FNDA:7,loadConfig
DA:1,2
DA:2,2
DA:3,2
DA:4,2
DA:5,2
DA:6,2
DA:7,2
DA:8,2
DA:9,2
DA:10,2
DA:11,2
DA:12,2
DA:13,2
DA:14,2
DA:15,2
DA:16,2
DA:17,2
DA:18,2
DA:19,2
DA:20,5
DA:21,5
DA:22,5
DA:23,2
DA:24,2
DA:25,2
DA:26,2
DA:27,2
DA:28,2
DA:29,2
DA:30,7
DA:31,7
DA:32,7
DA:33,7
DA:34,2
DA:35,1
DA:36,1
DA:37,5
DA:38,5
DA:39,5
DA:40,5
DA:41,5
DA:42,5
DA:43,5
DA:44,5
DA:45,5
DA:46,5
DA:47,5
DA:48,5
DA:49,5
DA:50,5
DA:51,5
DA:52,7
DA:53,0
DA:54,0
DA:55,7
DA:56,0
DA:57,0
DA:58,7
DA:59,0
DA:60,0
DA:61,7
DA:62,1
DA:63,1
DA:64,7
DA:65,0
DA:66,0
DA:67,7
DA:68,0
DA:69,0
DA:70,7
DA:71,0
DA:72,0
DA:73,7
DA:74,0
DA:75,0
DA:76,7
DA:77,1
DA:78,1
DA:79,7
DA:80,0
DA:81,0
DA:82,7
DA:83,1
DA:84,1
DA:85,2
DA:86,2
DA:87,7
LF:87
LH:71
BRDA:1,0,0,2
BRDA:19,1,0,5
BRDA:29,2,0,7
BRDA:33,3,0,2
BRDA:34,4,0,1
BRDA:37,5,0,5
BRDA:52,6,0,0
BRDA:55,7,0,5
BRDA:55,8,0,0
BRDA:58,9,0,5
BRDA:58,10,0,0
BRDA:61,11,0,5
BRDA:61,12,0,1
BRDA:64,13,0,4
BRDA:64,14,0,0
BRDA:67,15,0,4
BRDA:67,16,0,0
BRDA:70,17,0,4
BRDA:70,18,0,0
BRDA:73,19,0,4
BRDA:73,20,0,0
BRDA:76,21,0,4
BRDA:76,22,0,1
BRDA:79,23,0,3
BRDA:79,24,0,0
BRDA:82,25,0,3
BRDA:82,26,0,2
BRDA:82,27,0,1
BRF:28
BRH:20
end_of_record
TN:
SF:src/executor.ts
FN:21,execute
FNF:1
FNH:1
FNDA:4,execute
DA:1,2
DA:2,2
DA:3,2
DA:4,2
DA:5,2
DA:6,2
DA:7,2
DA:8,2
DA:9,2
DA:10,2
DA:11,2
DA:12,2
DA:13,2
DA:14,2
DA:15,2
DA:16,2
DA:17,2
DA:18,2
DA:19,2
DA:20,2
DA:21,2
DA:22,4
DA:23,2
DA:24,2
DA:25,2
DA:26,2
DA:27,2
DA:28,2
DA:29,2
DA:30,2
DA:31,2
DA:32,2
DA:33,2
DA:34,2
DA:35,4
DA:36,4
DA:37,4
DA:38,4
DA:39,4
DA:40,4
DA:41,4
DA:42,4
DA:43,4
DA:44,4
DA:45,4
DA:46,4
LF:46
LH:46
BRDA:1,0,0,2
BRDA:21,1,0,4
BRDA:22,2,0,2
BRDA:32,3,0,3
BRDA:32,4,0,2
BRDA:35,5,0,1
BRDA:35,6,0,1
BRF:7
BRH:7
end_of_record
TN:
SF:src/portfolio.ts
FN:27,create
FN:43,update
FN:91,canAfford
FN:103,deploymentRatio
FN:112,empty
FNF:5
FNH:3
FNDA:15,create
FNDA:3,update
FNDA:0,canAfford
FNDA:0,deploymentRatio
FNDA:15,empty
DA:1,5
DA:2,5
DA:3,5
DA:4,5
DA:5,5
DA:6,5
DA:7,5
DA:8,5
DA:9,5
DA:10,5
DA:11,5
DA:12,5
DA:13,5
DA:14,5
DA:15,5
DA:16,5
DA:17,5
DA:18,5
DA:19,5
DA:20,5
DA:21,5
DA:22,5
DA:23,5
DA:24,5
DA:25,5
DA:26,5
DA:27,5
DA:28,15
DA:29,15
DA:30,15
DA:31,15
DA:32,15
DA:33,15
DA:34,15
DA:35,15
DA:36,5
DA:37,5
DA:38,5
DA:39,5
DA:40,5
DA:41,5
DA:42,5
DA:43,5
DA:44,3
DA:45,1
DA:46,1
DA:47,1
DA:48,0
DA:49,0
DA:50,1
DA:51,1
DA:52,1
DA:53,2
DA:54,3
DA:55,1
DA:56,1
DA:57,1
DA:58,1
DA:59,1
DA:60,1
DA:61,1
DA:62,1
DA:63,1
DA:64,1
DA:65,1
DA:66,1
DA:67,1
DA:68,1
DA:69,1
DA:70,1
DA:71,1
DA:72,1
DA:73,1
DA:74,1
DA:75,3
DA:76,3
DA:77,3
DA:78,3
DA:79,3
DA:80,3
DA:81,3
DA:82,3
DA:83,3
DA:84,3
DA:85,3
DA:86,5
DA:87,5
DA:88,5
DA:89,5
DA:90,5
DA:91,5
DA:92,0
DA:93,0
DA:94,5
DA:95,5
DA:96,5
DA:97,5
DA:98,5
DA:99,5
DA:100,5
DA:101,5
DA:102,5
DA:103,5
DA:104,0
DA:105,0
DA:106,0
DA:107,5
DA:108,5
DA:109,5
DA:110,5
DA:111,5
DA:112,5
DA:113,15
DA:114,15
LF:114
LH:107
BRDA:1,0,0,5
BRDA:27,1,0,15
BRDA:43,2,0,3
BRDA:44,3,0,1
BRDA:53,4,0,2
BRDA:54,5,0,1
BRDA:75,6,0,0
BRDA:73,7,0,1
BRDA:74,8,0,1
BRDA:112,9,0,15
BRF:10
BRH:9
end_of_record
TN:
SF:src/bybit/adapters.ts
FN:14,tickerToMarketSnapshot
FN:42,orderResponseToTradeResult
FN:63,bybitPositionToPosition
FN:77,walletToTotalUsd
FN:84,walletAvailableBalance
FN:92,appSymbolToBybit
FN:99,bybitSymbolToApp
FNF:7
FNH:4
FNDA:1,tickerToMarketSnapshot
FNDA:2,orderResponseToTradeResult
FNDA:0,bybitPositionToPosition
FNDA:0,walletToTotalUsd
FNDA:0,walletAvailableBalance
FNDA:3,appSymbolToBybit
FNDA:8,bybitSymbolToApp
DA:1,1
DA:2,1
DA:3,1
DA:4,1
DA:5,1
DA:6,1
DA:7,1
DA:8,1
DA:9,1
DA:10,1
DA:11,1
DA:12,1
DA:13,1
DA:14,1
DA:15,1
DA:16,1
DA:17,1
DA:18,1
DA:19,1
DA:20,1
DA:21,1
DA:22,1
DA:23,1
DA:24,1
DA:25,1
DA:26,1
DA:27,1
DA:28,1
DA:29,1
DA:30,1
DA:31,1
DA:32,1
DA:33,1
DA:34,1
DA:35,1
DA:36,1
DA:37,1
DA:38,1
DA:39,1
DA:40,1
DA:41,1
DA:42,1
DA:43,2
DA:44,2
DA:45,2
DA:46,2
DA:47,2
DA:48,2
DA:49,2
DA:50,2
DA:51,2
DA:52,2
DA:53,2
DA:54,2
DA:55,2
DA:56,2
DA:57,2
DA:58,2
DA:59,1
DA:60,1
DA:61,1
DA:62,1
DA:63,1
DA:64,0
DA:65,0
DA:66,0
DA:67,0
DA:68,0
DA:69,0
DA:70,0
DA:71,1
DA:72,1
DA:73,1
DA:74,1
DA:75,1
DA:76,1
DA:77,1
DA:78,0
DA:79,0
DA:80,1
DA:81,1
DA:82,1
DA:83,1
DA:84,1
DA:85,0
DA:86,0
DA:87,0
DA:88,1
DA:89,1
DA:90,1
DA:91,1
DA:92,1
DA:93,3
DA:94,3
DA:95,1
DA:96,1
DA:97,1
DA:98,1
DA:99,1
DA:100,8
DA:101,8
DA:102,8
DA:103,8
DA:104,7
DA:105,7
DA:106,1
DA:107,1
DA:108,8
LF:108
LH:96
BRDA:1,0,0,1
BRDA:14,1,0,1
BRDA:20,2,0,0
BRDA:21,3,0,0
BRDA:23,4,0,0
BRDA:24,5,0,0
BRDA:26,6,0,0
BRDA:27,7,0,0
BRDA:42,8,0,2
BRDA:44,9,0,1
BRDA:44,10,0,1
BRDA:44,11,0,0
BRDA:47,12,0,0
BRDA:92,13,0,3
BRDA:99,14,0,8
BRDA:100,15,0,0
BRDA:103,16,0,7
BRDA:103,17,0,7
BRDA:103,18,0,7
BRDA:106,19,0,1
BRF:20
BRH:11
end_of_record
TN:
SF:src/bybit/rest.ts
FN:36,<instance_members_initializer>
FN:44,RestClient
FN:62,syncTime
FN:84,getTimestamp
FN:98,sign
FN:121,getBucket
FN:140,waitForToken
FN:162,syncFromHeaders
FN:180,request
FN:273,get
FN:277,post
FN:284,getServerTime
FN:290,getTickers
FN:297,getKline
FN:313,getOrderbook
FN:321,getRecentTrades
FN:330,getInstruments
FN:339,placeOrder
FN:344,cancelOrder
FN:349,getOpenOrders
FN:356,getOrderHistory
FN:366,getPositions
FN:375,getWalletBalance
FNF:23
FNH:2
FNDA:2,<instance_members_initializer>
FNDA:2,RestClient
FNDA:0,syncTime
FNDA:0,getTimestamp
FNDA:0,sign
FNDA:0,getBucket
FNDA:0,waitForToken
FNDA:0,syncFromHeaders
FNDA:0,request
FNDA:0,get
FNDA:0,post
FNDA:0,getServerTime
FNDA:0,getTickers
FNDA:0,getKline
FNDA:0,getOrderbook
FNDA:0,getRecentTrades
FNDA:0,getInstruments
FNDA:0,placeOrder
FNDA:0,cancelOrder
FNDA:0,getOpenOrders
FNDA:0,getOrderHistory
FNDA:0,getPositions
FNDA:0,getWalletBalance
DA:1,1
DA:2,1
DA:3,1
DA:4,1
DA:5,1
DA:6,1
DA:7,1
DA:8,1
DA:9,1
DA:10,1
DA:11,1
DA:12,1
DA:13,1
DA:14,1
DA:15,1
DA:16,1
DA:17,1
DA:18,1
DA:19,1
DA:20,1
DA:21,1
DA:22,1
DA:23,1
DA:24,1
DA:25,1
DA:26,1
DA:27,1
DA:28,1
DA:29,1
DA:30,1
DA:31,1
DA:32,1
DA:33,1
DA:34,1
DA:35,1
DA:36,1
DA:37,2
DA:38,2
DA:39,2
DA:40,2
DA:41,2
DA:42,1
DA:43,1
DA:44,1
DA:45,2
DA:46,2
DA:47,2
DA:48,2
DA:49,2
DA:50,2
DA:51,1
DA:52,1
DA:53,2
DA:54,1
DA:55,1
DA:56,1
DA:57,1
DA:58,1
DA:59,1
DA:60,1
DA:61,1
DA:62,1
DA:63,0
DA:64,0
DA:65,0
DA:66,0
DA:67,0
DA:68,0
DA:69,0
DA:70,0
DA:71,0
DA:72,0
DA:73,0
DA:74,0
DA:75,0
DA:76,0
DA:77,0
DA:78,0
DA:79,0
DA:80,0
DA:81,0
DA:82,1
DA:83,1
DA:84,1
DA:85,0
DA:86,0
DA:87,0
DA:88,0
DA:89,0
DA:90,0
DA:91,1
DA:92,1
DA:93,1
DA:94,1
DA:95,1
DA:96,1
DA:97,1
DA:98,1
DA:99,0
DA:100,0
DA:101,0
DA:102,0
DA:103,0
DA:104,0
DA:105,0
DA:106,0
DA:107,0
DA:108,0
DA:109,0
DA:110,0
DA:111,0
DA:112,0
DA:113,0
DA:114,0
DA:115,0
DA:116,0
DA:117,0
DA:118,1
DA:119,1
DA:120,1
DA:121,1
DA:122,0
DA:123,0
DA:124,0
DA:125,0
DA:126,0
DA:127,0
DA:128,0
DA:129,0
DA:130,0
DA:131,0
DA:132,0
DA:133,0
DA:134,0
DA:135,1
DA:136,1
DA:137,1
DA:138,1
DA:139,1
DA:140,1
DA:141,0
DA:142,0
DA:143,0
DA:144,0
DA:145,0
DA:146,0
DA:147,0
DA:148,0
DA:149,0
DA:150,0
DA:151,0
DA:152,0
DA:153,0
DA:154,0
DA:155,0
DA:156,0
DA:157,1
DA:158,1
DA:159,1
DA:160,1
DA:161,1
DA:162,1
DA:163,0
DA:164,0
DA:165,0
DA:166,0
DA:167,0
DA:168,0
DA:169,0
DA:170,0
DA:171,0
DA:172,0
DA:173,0
DA:174,0
DA:175,0
DA:176,0
DA:177,1
DA:178,1
DA:179,1
DA:180,1
DA:181,0
DA:182,0
DA:183,0
DA:184,0
DA:185,0
DA:186,0
DA:187,0
DA:188,0
DA:189,0
DA:190,0
DA:191,0
DA:192,0
DA:193,0
DA:194,0
DA:195,0
DA:196,0
DA:197,0
DA:198,0
DA:199,0
DA:200,0
DA:201,0
DA:202,0
DA:203,0
DA:204,0
DA:205,0
DA:206,0
DA:207,0
DA:208,0
DA:209,0
DA:210,0
DA:211,0
DA:212,0
DA:213,0
DA:214,0
DA:215,0
DA:216,0
DA:217,0
DA:218,0
DA:219,0
DA:220,0
DA:221,0
DA:222,0
DA:223,0
DA:224,0
DA:225,0
DA:226,0
DA:227,0
DA:228,0
DA:229,0
DA:230,0
DA:231,0
DA:232,0
DA:233,0
DA:234,0
DA:235,0
DA:236,0
DA:237,0
DA:238,0
DA:239,0
DA:240,0
DA:241,0
DA:242,0
DA:243,0
DA:244,0
DA:245,0
DA:246,0
DA:247,0
DA:248,0
DA:249,0
DA:250,0
DA:251,0
DA:252,0
DA:253,0
DA:254,0
DA:255,0
DA:256,0
DA:257,0
DA:258,0
DA:259,0
DA:260,0
DA:261,0
DA:262,0
DA:263,0
DA:264,0
DA:265,0
DA:266,0
DA:267,0
DA:268,0
DA:269,0
DA:270,0
DA:271,0
DA:272,1
DA:273,1
DA:274,0
DA:275,0
DA:276,1
DA:277,1
DA:278,0
DA:279,0
DA:280,1
DA:281,1
DA:282,1
DA:283,1
DA:284,1
DA:285,0
DA:286,0
DA:287,0
DA:288,1
DA:289,1
DA:290,1
DA:291,0
DA:292,0
DA:293,0
DA:294,0
DA:295,1
DA:296,1
DA:297,1
DA:298,0
DA:299,0
DA:300,0
DA:301,0
DA:302,0
DA:303,0
DA:304,0
DA:305,0
DA:306,0
DA:307,0
DA:308,0
DA:309,0
DA:310,0
DA:311,1
DA:312,1
DA:313,1
DA:314,0
DA:315,0
DA:316,0
DA:317,0
DA:318,0
DA:319,1
DA:320,1
DA:321,1
DA:322,0
DA:323,0
DA:324,0
DA:325,0
DA:326,0
DA:327,0
DA:328,1
DA:329,1
DA:330,1
DA:331,0
DA:332,0
DA:333,0
DA:334,0
DA:335,1
DA:336,1
DA:337,1
DA:338,1
DA:339,1
DA:340,0
DA:341,0
DA:342,1
DA:343,1
DA:344,1
DA:345,0
DA:346,0
DA:347,1
DA:348,1
DA:349,1
DA:350,0
DA:351,0
DA:352,0
DA:353,0
DA:354,1
DA:355,1
DA:356,1
DA:357,0
DA:358,0
DA:359,0
DA:360,0
DA:361,0
DA:362,0
DA:363,0
DA:364,1
DA:365,1
DA:366,1
DA:367,0
DA:368,0
DA:369,0
DA:370,0
DA:371,0
DA:372,0
DA:373,1
DA:374,1
DA:375,1
DA:376,0
DA:377,0
DA:378,0
DA:379,0
DA:380,1
LF:380
LH:138
BRDA:1,0,0,1
BRDA:36,1,0,2
BRDA:44,2,0,2
BRDA:46,3,0,0
BRDA:50,4,0,1
BRDA:50,5,0,1
BRF:6
BRH:5
end_of_record
TN:
SF:src/bybit/types.ts
FN:180,<instance_members_initializer>
FN:183,BybitApiError
FN:192,BybitAuthError
FN:199,BybitRateLimitError
FN:206,BybitInsufficientBalanceError
FN:213,BybitInvalidQtyError
FN:220,BybitConnectionError
FN:227,BybitConfigError
FN:239,classifyError
FN:274,getEndpointLimit
FNF:10
FNH:8
FNDA:4,<instance_members_initializer>
FNDA:4,BybitApiError
FNDA:2,BybitAuthError
FNDA:1,BybitRateLimitError
FNDA:0,BybitInsufficientBalanceError
FNDA:0,BybitInvalidQtyError
FNDA:1,BybitConnectionError
FNDA:1,BybitConfigError
FNDA:4,classifyError
FNDA:3,getEndpointLimit
DA:1,1
DA:2,1
DA:3,1
DA:4,1
DA:5,1
DA:6,1
DA:7,1
DA:8,1
DA:9,1
DA:10,1
DA:11,1
DA:12,1
DA:13,1
DA:14,1
DA:15,1
DA:16,1
DA:17,1
DA:18,1
DA:19,1
DA:20,1
DA:21,1
DA:22,1
DA:23,1
DA:24,1
DA:25,1
DA:26,1
DA:27,1
DA:28,1
DA:29,1
DA:30,1
DA:31,1
DA:32,1
DA:33,1
DA:34,1
DA:35,1
DA:36,1
DA:37,1
DA:38,1
DA:39,1
DA:40,1
DA:41,1
DA:42,1
DA:43,1
DA:44,1
DA:45,1
DA:46,1
DA:47,1
DA:48,1
DA:49,1
DA:50,1
DA:51,1
DA:52,1
DA:53,1
DA:54,1
DA:55,1
DA:56,1
DA:57,1
DA:58,1
DA:59,1
DA:60,1
DA:61,1
DA:62,1
DA:63,1
DA:64,1
DA:65,1
DA:66,1
DA:67,1
DA:68,1
DA:69,1
DA:70,1
DA:71,1
DA:72,1
DA:73,1
DA:74,1
DA:75,1
DA:76,1
DA:77,1
DA:78,1
DA:79,1
DA:80,1
DA:81,1
DA:82,1
DA:83,1
DA:84,1
DA:85,1
DA:86,1
DA:87,1
DA:88,1
DA:89,1
DA:90,1
DA:91,1
DA:92,1
DA:93,1
DA:94,1
DA:95,1
DA:96,1
DA:97,1
DA:98,1
DA:99,1
DA:100,1
DA:101,1
DA:102,1
DA:103,1
DA:104,1
DA:105,1
DA:106,1
DA:107,1
DA:108,1
DA:109,1
DA:110,1
DA:111,1
DA:112,1
DA:113,1
DA:114,1
DA:115,1
DA:116,1
DA:117,1
DA:118,1
DA:119,1
DA:120,1
DA:121,1
DA:122,1
DA:123,1
DA:124,1
DA:125,1
DA:126,1
DA:127,1
DA:128,1
DA:129,1
DA:130,1
DA:131,1
DA:132,1
DA:133,1
DA:134,1
DA:135,1
DA:136,1
DA:137,1
DA:138,1
DA:139,1
DA:140,1
DA:141,1
DA:142,1
DA:143,1
DA:144,1
DA:145,1
DA:146,1
DA:147,1
DA:148,1
DA:149,1
DA:150,1
DA:151,1
DA:152,1
DA:153,1
DA:154,1
DA:155,1
DA:156,1
DA:157,1
DA:158,1
DA:159,1
DA:160,1
DA:161,1
DA:162,1
DA:163,1
DA:164,1
DA:165,1
DA:166,1
DA:167,1
DA:168,1
DA:169,1
DA:170,1
DA:171,1
DA:172,1
DA:173,1
DA:174,1
DA:175,1
DA:176,1
DA:177,1
DA:178,1
DA:179,1
DA:180,1
DA:181,1
DA:182,1
DA:183,1
DA:184,4
DA:185,4
DA:186,4
DA:187,4
DA:188,4
DA:189,1
DA:190,1
DA:191,1
DA:192,1
DA:193,2
DA:194,2
DA:195,2
DA:196,1
DA:197,1
DA:198,1
DA:199,1
DA:200,1
DA:201,1
DA:202,1
DA:203,1
DA:204,1
DA:205,1
DA:206,1
DA:207,0
DA:208,0
DA:209,0
DA:210,1
DA:211,1
DA:212,1
DA:213,1
DA:214,0
DA:215,0
DA:216,0
DA:217,1
DA:218,1
DA:219,1
DA:220,1
DA:221,1
DA:222,1
DA:223,1
DA:224,1
DA:225,1
DA:226,1
DA:227,1
DA:228,1
DA:229,1
DA:230,1
DA:231,1
DA:232,1
DA:233,1
DA:234,1
DA:235,1
DA:236,1
DA:237,1
DA:238,1
DA:239,1
DA:240,4
DA:241,4
DA:242,4
DA:243,2
DA:244,4
DA:245,1
DA:246,4
DA:247,0
DA:248,4
DA:249,1
DA:250,1
DA:251,0
DA:252,0
DA:253,1
DA:254,4
DA:255,4
DA:256,1
DA:257,1
DA:258,1
DA:259,1
DA:260,1
DA:261,1
DA:262,1
DA:263,1
DA:264,1
DA:265,1
DA:266,1
DA:267,1
DA:268,1
DA:269,1
DA:270,1
DA:271,1
DA:272,1
DA:273,1
DA:274,1
DA:275,3
DA:276,3
DA:277,3
DA:278,3
LF:278
LH:269
BRDA:1,0,0,1
BRDA:180,1,0,4
BRDA:183,2,0,4
BRDA:192,3,0,2
BRDA:199,4,0,1
BRDA:220,5,0,1
BRDA:227,6,0,1
BRDA:239,7,0,4
BRDA:241,8,0,1
BRDA:242,9,0,2
BRDA:244,10,0,1
BRDA:246,11,0,0
BRDA:248,12,0,1
BRDA:250,13,0,0
BRDA:274,14,0,3
BRDA:277,15,0,2
BRDA:277,16,0,1
BRDA:276,17,0,21
BRF:18
BRH:16
end_of_record
TN:
SF:src/bybit/ws.ts
FN:15,<instance_members_initializer>
FN:29,WsClient
FN:40,connect
FN:89,disconnect
FN:104,subscribe
FN:114,unsubscribe
FN:124,on
FN:134,off
FN:139,isConnected
FN:144,getLatencyMs
FN:149,getSubscribedTopics
FN:157,sendSubscribe
FN:161,authenticate
FN:193,startPing
FN:212,stopPing
FN:219,handleMessage
FN:246,tryReconnect
FNF:17
FNH:0
FNDA:0,<instance_members_initializer>
FNDA:0,WsClient
FNDA:0,connect
FNDA:0,disconnect
FNDA:0,subscribe
FNDA:0,unsubscribe
FNDA:0,on
FNDA:0,off
FNDA:0,isConnected
FNDA:0,getLatencyMs
FNDA:0,getSubscribedTopics
FNDA:0,sendSubscribe
FNDA:0,authenticate
FNDA:0,startPing
FNDA:0,stopPing
FNDA:0,handleMessage
FNDA:0,tryReconnect
DA:1,1
DA:2,1
DA:3,1
DA:4,1
DA:5,1
DA:6,1
DA:7,1
DA:8,1
DA:9,1
DA:10,1
DA:11,1
DA:12,1
DA:13,1
DA:14,1
DA:15,1
DA:16,0
DA:17,0
DA:18,0
DA:19,0
DA:20,0
DA:21,0
DA:22,0
DA:23,0
DA:24,0
DA:25,0
DA:26,0
DA:27,1
DA:28,1
DA:29,1
DA:30,0
DA:31,0
DA:32,0
DA:33,0
DA:34,0
DA:35,0
DA:36,0
DA:37,0
DA:38,1
DA:39,1
DA:40,1
DA:41,0
DA:42,0
DA:43,0
DA:44,0
DA:45,0
DA:46,0
DA:47,0
DA:48,0
DA:49,0
DA:50,0
DA:51,0
DA:52,0
DA:53,0
DA:54,0
DA:55,0
DA:56,0
DA:57,0
DA:58,0
DA:59,0
DA:60,0
DA:61,0
DA:62,0
DA:63,0
DA:64,0
DA:65,0
DA:66,0
DA:67,0
DA:68,0
DA:69,0
DA:70,0
DA:71,0
DA:72,0
DA:73,0
DA:74,0
DA:75,0
DA:76,0
DA:77,0
DA:78,0
DA:79,0
DA:80,0
DA:81,0
DA:82,0
DA:83,0
DA:84,0
DA:85,0
DA:86,0
DA:87,1
DA:88,1
DA:89,1
DA:90,0
DA:91,0
DA:92,0
DA:93,0
DA:94,0
DA:95,0
DA:96,0
DA:97,0
DA:98,0
DA:99,0
DA:100,0
DA:101,0
DA:102,1
DA:103,1
DA:104,1
DA:105,0
DA:106,0
DA:107,0
DA:108,0
DA:109,0
DA:110,0
DA:111,0
DA:112,1
DA:113,1
DA:114,1
DA:115,0
DA:116,0
DA:117,0
DA:118,0
DA:119,0
DA:120,0
DA:121,0
DA:122,1
DA:123,1
DA:124,1
DA:125,0
DA:126,0
DA:127,0
DA:128,0
DA:129,0
DA:130,0
DA:131,0
DA:132,1
DA:133,1
DA:134,1
DA:135,0
DA:136,0
DA:137,1
DA:138,1
DA:139,1
DA:140,0
DA:141,0
DA:142,1
DA:143,1
DA:144,1
DA:145,0
DA:146,0
DA:147,1
DA:148,1
DA:149,1
DA:150,0
DA:151,0
DA:152,0
DA:153,0
DA:154,1
DA:155,1
DA:156,1
DA:157,1
DA:158,0
DA:159,0
DA:160,1
DA:161,1
DA:162,0
DA:163,0
DA:164,0
DA:165,0
DA:166,0
DA:167,0
DA:168,0
DA:169,0
DA:170,0
DA:171,0
DA:172,0
DA:173,0
DA:174,0
DA:175,0
DA:176,0
DA:177,0
DA:178,0
DA:179,0
DA:180,0
DA:181,0
DA:182,0
DA:183,0
DA:184,0
DA:185,0
DA:186,0
DA:187,0
DA:188,0
DA:189,0
DA:190,0
DA:191,0
DA:192,1
DA:193,1
DA:194,0
DA:195,0
DA:196,0
DA:197,0
DA:198,0
DA:199,0
DA:200,0
DA:201,0
DA:202,0
DA:203,0
DA:204,0
DA:205,0
DA:206,0
DA:207,0
DA:208,0
DA:209,0
DA:210,0
DA:211,1
DA:212,1
DA:213,0
DA:214,0
DA:215,0
DA:216,0
DA:217,0
DA:218,1
DA:219,1
DA:220,0
DA:221,0
DA:222,0
DA:223,0
DA:224,0
DA:225,0
DA:226,0
DA:227,0
DA:228,0
DA:229,0
DA:230,0
DA:231,0
DA:232,0
DA:233,0
DA:234,0
DA:235,0
DA:236,0
DA:237,0
DA:238,0
DA:239,0
DA:240,0
DA:241,0
DA:242,0
DA:243,0
DA:244,0
DA:245,1
DA:246,1
DA:247,0
DA:248,0
DA:249,0
DA:250,0
DA:251,0
DA:252,0
DA:253,0
DA:254,0
DA:255,0
DA:256,0
DA:257,0
DA:258,0
DA:259,0
DA:260,0
DA:261,0
DA:262,0
DA:263,1
LF:263
LH:60
BRDA:1,0,0,1
BRDA:15,1,0,0
BRF:2
BRH:1
end_of_record
TN:
SF:src/learning/analyzer.ts
FN:29,analyze
FNF:1
FNH:1
FNDA:4,analyze
DA:1,2
DA:2,2
DA:3,2
DA:4,2
DA:5,2
DA:6,2
DA:7,2
DA:8,2
DA:9,2
DA:10,2
DA:11,2
DA:12,2
DA:13,2
DA:14,2
DA:15,2
DA:16,2
DA:17,2
DA:18,2
DA:19,2
DA:20,2
DA:21,2
DA:22,2
DA:23,2
DA:24,2
DA:25,2
DA:26,2
DA:27,2
DA:28,2
DA:29,2
DA:30,4
DA:31,4
DA:32,4
DA:33,4
DA:34,4
DA:35,4
DA:36,4
DA:37,4
DA:38,4
DA:39,4
DA:40,1
DA:41,4
DA:42,4
DA:43,4
DA:44,4
DA:45,4
DA:46,4
DA:47,4
DA:48,4
DA:49,4
DA:50,4
DA:51,4
DA:52,4
DA:53,4
DA:54,4
DA:55,4
DA:56,4
DA:57,4
DA:58,4
DA:59,4
DA:60,4
DA:61,4
DA:62,4
DA:63,4
DA:64,4
DA:65,4
DA:66,4
DA:67,4
DA:68,4
DA:69,4
DA:70,4
DA:71,4
DA:72,4
DA:73,4
DA:74,4
DA:75,4
DA:76,4
DA:77,4
DA:78,4
LF:78
LH:78
BRDA:1,0,0,2
BRDA:29,1,0,4
BRDA:39,2,0,0
BRDA:39,3,0,3
BRDA:40,4,0,1
BRDA:54,5,0,0
BRDA:59,6,0,3
BRDA:59,7,0,1
BRDA:61,8,0,3
BRDA:61,9,0,1
BRDA:64,10,0,0
BRDA:68,11,0,3
BRDA:68,12,0,1
BRDA:69,13,0,1
BRDA:69,14,0,3
BRDA:70,15,0,3
BRDA:70,16,0,1
BRDA:71,17,0,1
BRDA:71,18,0,3
BRDA:73,19,0,3
BRDA:74,20,0,1
BRDA:31,21,0,4
BRDA:31,22,0,0
BRDA:32,23,0,4
BRDA:33,24,0,4
BRDA:63,25,0,4
BRDA:64,26,0,4
BRDA:65,27,0,4
BRDA:68,28,0,3
BRDA:69,29,0,1
BRDA:73,30,0,4
BRF:31
BRH:27
end_of_record
TN:
SF:src/learning/journal.ts
FN:33,recordEntry
FN:59,recordExit
FN:83,getHistory
FN:88,getClosedTrades
FN:93,getOpenTrades
FN:98,clearJournal
FNF:6
FNH:5
FNDA:9,recordEntry
FNDA:8,recordExit
FNDA:2,getHistory
FNDA:10,getClosedTrades
FNDA:0,getOpenTrades
FNDA:11,clearJournal
DA:1,3
DA:2,3
DA:3,3
DA:4,3
DA:5,3
DA:6,3
DA:7,3
DA:8,3
DA:9,3
DA:10,3
DA:11,3
DA:12,3
DA:13,3
DA:14,3
DA:15,3
DA:16,3
DA:17,3
DA:18,3
DA:19,3
DA:20,3
DA:21,3
DA:22,3
DA:23,3
DA:24,3
DA:25,3
DA:26,3
DA:27,3
DA:28,3
DA:29,3
DA:30,3
DA:31,3
DA:32,3
DA:33,3
DA:34,9
DA:35,9
DA:36,9
DA:37,9
DA:38,9
DA:39,9
DA:40,9
DA:41,9
DA:42,9
DA:43,9
DA:44,9
DA:45,9
DA:46,9
DA:47,9
DA:48,9
DA:49,9
DA:50,9
DA:51,9
DA:52,9
DA:53,9
DA:54,9
DA:55,9
DA:56,9
DA:57,3
DA:58,3
DA:59,3
DA:60,8
DA:61,8
DA:62,8
DA:63,8
DA:64,8
DA:65,8
DA:66,8
DA:67,8
DA:68,8
DA:69,7
DA:70,7
DA:71,7
DA:72,7
DA:73,7
DA:74,7
DA:75,7
DA:76,7
DA:77,7
DA:78,7
DA:79,7
DA:80,8
DA:81,3
DA:82,3
DA:83,3
DA:84,2
DA:85,2
DA:86,3
DA:87,3
DA:88,3
DA:89,10
DA:90,10
DA:91,3
DA:92,3
DA:93,3
DA:94,0
DA:95,0
DA:96,3
DA:97,3
DA:98,3
DA:99,11
DA:100,11
DA:101,11
LF:101
LH:99
BRDA:1,0,0,3
BRDA:33,1,0,9
BRDA:59,2,0,8
BRDA:68,3,0,1
BRDA:69,4,0,7
BRDA:66,5,0,8
BRDA:66,6,0,7
BRDA:83,7,0,2
BRDA:88,8,0,10
BRDA:89,9,0,10
BRDA:98,10,0,11
BRF:11
BRH:11
end_of_record
TN:
SF:src/learning/optimizer.ts
FN:24,defaultParams
FN:36,getInsights
FN:41,clearInsights
FN:59,optimize
FNF:4
FNH:3
FNDA:3,defaultParams
FNDA:1,getInsights
FNDA:0,clearInsights
FNDA:3,optimize
DA:1,1
DA:2,1
DA:3,1
DA:4,1
DA:5,1
DA:6,1
DA:7,1
DA:8,1
DA:9,1
DA:10,1
DA:11,1
DA:12,1
DA:13,1
DA:14,1
DA:15,1
DA:16,1
DA:17,1
DA:18,1
DA:19,1
DA:20,1
DA:21,1
DA:22,1
DA:23,1
DA:24,1
DA:25,3
DA:26,3
DA:27,3
DA:28,3
DA:29,3
DA:30,3
DA:31,3
DA:32,3
DA:33,3
DA:34,1
DA:35,1
DA:36,1
DA:37,1
DA:38,1
DA:39,1
DA:40,1
DA:41,1
DA:42,0
DA:43,0
DA:44,0
DA:45,1
DA:46,1
DA:47,1
DA:48,1
DA:49,1
DA:50,1
DA:51,1
DA:52,1
DA:53,1
DA:54,1
DA:55,1
DA:56,1
DA:57,1
DA:58,1
DA:59,1
DA:60,3
DA:61,3
DA:62,3
DA:63,3
DA:64,3
DA:65,3
DA:66,3
DA:67,3
DA:68,3
DA:69,3
DA:70,3
DA:71,3
DA:72,3
DA:73,3
DA:74,2
DA:75,2
DA:76,2
DA:77,2
DA:78,2
DA:79,2
DA:80,2
DA:81,2
DA:82,2
DA:83,3
DA:84,3
DA:85,3
DA:86,1
DA:87,1
DA:88,1
DA:89,1
DA:90,1
DA:91,3
DA:92,3
DA:93,3
DA:94,1
DA:95,1
DA:96,1
DA:97,1
DA:98,1
DA:99,3
DA:100,3
DA:101,3
DA:102,0
DA:103,0
DA:104,0
DA:105,0
DA:106,0
DA:107,3
DA:108,3
DA:109,3
DA:110,3
DA:111,6
DA:112,6
DA:113,6
DA:114,6
DA:115,6
DA:116,6
DA:117,6
DA:118,6
DA:119,3
DA:120,3
DA:121,3
DA:122,3
LF:122
LH:114
BRDA:1,0,0,1
BRDA:24,1,0,3
BRDA:36,2,0,1
BRDA:59,3,0,3
BRDA:73,4,0,2
BRDA:85,5,0,1
BRDA:93,6,0,1
BRDA:101,7,0,0
BRDA:110,8,0,6
BRF:9
BRH:8
end_of_record
TN:
SF:src/strategy/indicators.ts
FN:20,calcSMA
FN:28,calcEMA
FN:41,calcRSI
FN:57,calcMACD
FN:74,calcBollinger
FN:89,calcATR
FN:105,calcMomentum
FNF:7
FNH:7
FNDA:19,calcSMA
FNDA:84,calcEMA
FNDA:13,calcRSI
FNDA:9,calcMACD
FNDA:9,calcBollinger
FNDA:8,calcATR
FNDA:9,calcMomentum
DA:1,3
DA:2,3
DA:3,3
DA:4,3
DA:5,3
DA:6,3
DA:7,3
DA:8,3
DA:9,3
DA:10,3
DA:11,3
DA:12,3
DA:13,3
DA:14,3
DA:15,3
DA:16,3
DA:17,3
DA:18,3
DA:19,3
DA:20,3
DA:21,19
DA:22,6
DA:23,6
DA:24,19
DA:25,3
DA:26,3
DA:27,3
DA:28,3
DA:29,84
DA:30,84
DA:31,49
DA:32,49
DA:33,76
DA:34,420
DA:35,420
DA:36,49
DA:37,84
DA:38,3
DA:39,3
DA:40,3
DA:41,3
DA:42,13
DA:43,7
DA:44,13
DA:45,154
DA:46,154
DA:47,7
DA:48,7
DA:49,7
DA:50,9
DA:51,3
DA:52,3
DA:53,13
DA:54,3
DA:55,3
DA:56,3
DA:57,3
DA:58,9
DA:59,9
DA:60,9
DA:61,9
DA:62,9
DA:63,33
DA:64,33
DA:65,33
DA:66,9
DA:67,9
DA:68,9
DA:69,9
DA:70,9
DA:71,3
DA:72,3
DA:73,3
DA:74,3
DA:75,9
DA:76,9
DA:77,9
DA:78,9
DA:79,9
DA:80,9
DA:81,9
DA:82,9
DA:83,9
DA:84,9
DA:85,9
DA:86,3
DA:87,3
DA:88,3
DA:89,3
DA:90,8
DA:91,2
DA:92,6
DA:93,28
DA:94,28
DA:95,28
DA:96,28
DA:97,28
DA:98,28
DA:99,28
DA:100,2
DA:101,8
DA:102,3
DA:103,3
DA:104,3
DA:105,3
DA:106,9
DA:107,3
DA:108,3
DA:109,3
DA:110,9
LF:110
LH:110
BRDA:1,0,0,3
BRDA:20,1,0,19
BRDA:21,2,0,13
BRDA:21,3,0,0
BRDA:22,4,0,6
BRDA:23,5,0,93
BRDA:28,6,0,84
BRDA:29,7,0,0
BRDA:30,8,0,35
BRDA:30,9,0,0
BRDA:31,10,0,76
BRDA:31,11,0,49
BRDA:33,12,0,420
BRDA:36,13,0,49
BRDA:32,14,0,854
BRDA:41,15,0,13
BRDA:42,16,0,6
BRDA:42,17,0,7
BRDA:44,18,0,154
BRDA:47,19,0,9
BRDA:47,20,0,7
BRDA:50,21,0,4
BRDA:51,22,0,3
BRDA:48,23,0,98
BRDA:48,24,0,49
BRDA:49,25,0,98
BRDA:49,26,0,35
BRDA:57,27,0,9
BRDA:62,28,0,33
BRDA:68,29,0,3
BRDA:68,30,0,6
BRDA:69,31,0,0
BRDA:66,32,0,33
BRDA:74,33,0,9
BRDA:77,34,0,66
BRDA:89,35,0,8
BRDA:90,36,0,6
BRDA:91,37,0,2
BRDA:92,38,0,28
BRDA:100,39,0,2
BRDA:100,40,0,28
BRDA:105,41,0,9
BRDA:106,42,0,6
BRDA:107,43,0,3
BRF:44
BRH:40
end_of_record
TN:
SF:src/strategy/risk.ts
FN:12,calcPositionSize
FN:36,calcMaxDrawdown
FN:51,calcSharpe
FN:62,calcWinRate
FN:70,calcProfitFactor
FNF:5
FNH:5
FNDA:4,calcPositionSize
FNDA:6,calcMaxDrawdown
FNDA:7,calcSharpe
FNDA:6,calcWinRate
FNDA:6,calcProfitFactor
DA:1,3
DA:2,3
DA:3,3
DA:4,3
DA:5,3
DA:6,3
DA:7,3
DA:8,3
DA:9,3
DA:10,3
DA:11,3
DA:12,3
DA:13,4
DA:14,4
DA:15,4
DA:16,4
DA:17,4
DA:18,4
DA:19,4
DA:20,4
DA:21,4
DA:22,4
DA:23,4
DA:24,4
DA:25,4
DA:26,4
DA:27,4
DA:28,4
DA:29,4
DA:30,4
DA:31,4
DA:32,3
DA:33,3
DA:34,3
DA:35,3
DA:36,3
DA:37,6
DA:38,5
DA:39,5
DA:40,6
DA:41,16
DA:42,16
DA:43,16
DA:44,16
DA:45,5
DA:46,6
DA:47,3
DA:48,3
DA:49,3
DA:50,3
DA:51,3
DA:52,7
DA:53,2
DA:54,2
DA:55,2
DA:56,7
DA:57,7
DA:58,3
DA:59,3
DA:60,3
DA:61,3
DA:62,3
DA:63,6
DA:64,4
DA:65,6
DA:66,3
DA:67,3
DA:68,3
DA:69,3
DA:70,3
DA:71,6
DA:72,6
DA:73,6
DA:74,6
LF:74
LH:74
BRDA:1,0,0,3
BRDA:12,1,0,4
BRDA:36,2,0,6
BRDA:37,3,0,1
BRDA:38,4,0,5
BRDA:40,5,0,16
BRDA:41,6,0,7
BRDA:43,7,0,3
BRDA:45,8,0,5
BRDA:51,9,0,7
BRDA:52,10,0,5
BRDA:53,11,0,6
BRDA:53,12,0,2
BRDA:56,13,0,0
BRDA:56,14,0,2
BRDA:53,15,0,22
BRDA:54,16,0,22
BRDA:62,17,0,6
BRDA:63,18,0,5
BRDA:63,19,0,2
BRDA:64,20,0,4
BRDA:64,21,0,9
BRDA:70,22,0,6
BRDA:73,23,0,4
BRDA:73,24,0,3
BRDA:73,25,0,1
BRDA:73,26,0,2
BRDA:71,27,0,12
BRDA:71,28,0,8
BRDA:72,29,0,12
BRDA:72,30,0,4
BRF:31
BRH:30
end_of_record
TN:
SF:src/strategy/signals.ts
FN:36,getHistory
FN:46,setHistory
FN:51,clearHistory
FN:59,analyze
FNF:4
FNH:4
FNDA:7,getHistory
FNDA:1,setHistory
FNDA:7,clearHistory
FNDA:7,analyze
DA:1,2
DA:2,2
DA:3,2
DA:4,2
DA:5,2
DA:6,2
DA:7,2
DA:8,2
DA:9,2
DA:10,2
DA:11,2
DA:12,2
DA:13,2
DA:14,2
DA:15,2
DA:16,2
DA:17,2
DA:18,2
DA:19,2
DA:20,2
DA:21,2
DA:22,2
DA:23,2
DA:24,2
DA:25,2
DA:26,2
DA:27,2
DA:28,2
DA:29,2
DA:30,2
DA:31,2
DA:32,2
DA:33,2
DA:34,2
DA:35,2
DA:36,2
DA:37,7
DA:38,7
DA:39,6
DA:40,6
DA:41,6
DA:42,7
DA:43,7
DA:44,2
DA:45,2
DA:46,2
DA:47,1
DA:48,1
DA:49,2
DA:50,2
DA:51,2
DA:52,7
DA:53,7
DA:54,2
DA:55,2
DA:56,2
DA:57,2
DA:58,2
DA:59,2
DA:60,7
DA:61,7
DA:62,7
DA:63,7
DA:64,7
DA:65,7
DA:66,7
DA:67,7
DA:68,7
DA:69,7
DA:70,7
DA:71,7
DA:72,7
DA:73,7
DA:74,0
DA:75,0
DA:76,0
DA:77,0
DA:78,0
DA:79,7
DA:80,7
DA:81,7
DA:82,7
DA:83,7
DA:84,7
DA:85,7
DA:86,7
DA:87,7
DA:88,7
DA:89,7
DA:90,7
DA:91,7
DA:92,7
DA:93,7
DA:94,7
DA:95,7
DA:96,7
DA:97,7
DA:98,1
DA:99,1
DA:100,1
DA:101,1
DA:102,1
DA:103,1
DA:104,6
DA:105,6
DA:106,7
DA:107,2
DA:108,2
DA:109,2
DA:110,2
DA:111,2
DA:112,1
DA:113,1
DA:114,1
DA:115,1
DA:116,1
DA:117,1
DA:118,1
DA:119,1
DA:120,1
DA:121,1
DA:122,1
DA:123,1
DA:124,1
DA:125,1
DA:126,1
DA:127,1
DA:128,1
DA:129,0
DA:130,0
DA:131,2
DA:132,0
DA:133,0
DA:134,0
DA:135,0
DA:136,0
DA:137,0
DA:138,0
DA:139,0
DA:140,0
DA:141,0
DA:142,2
DA:143,2
DA:144,2
DA:145,2
DA:146,4
DA:147,4
DA:148,4
DA:149,4
DA:150,4
DA:151,4
DA:152,7
DA:153,4
DA:154,4
DA:155,4
DA:156,4
DA:157,7
DA:158,4
DA:159,4
DA:160,4
DA:161,7
DA:162,4
DA:163,4
DA:164,4
DA:165,7
DA:166,3
DA:167,4
DA:168,4
DA:169,7
DA:170,2
DA:171,2
DA:172,2
DA:173,4
DA:174,4
DA:175,7
DA:176,3
DA:177,4
DA:178,4
DA:179,4
DA:180,7
DA:181,0
DA:182,0
DA:183,0
DA:184,4
DA:185,4
DA:186,4
DA:187,7
DA:188,0
DA:189,0
DA:190,0
DA:191,0
DA:192,0
DA:193,0
DA:194,4
DA:195,4
DA:196,7
DA:197,0
DA:198,0
DA:199,7
DA:200,0
DA:201,0
DA:202,4
DA:203,4
DA:204,4
DA:205,4
DA:206,4
DA:207,4
DA:208,4
DA:209,4
DA:210,4
DA:211,7
DA:212,7
DA:213,7
DA:214,7
LF:214
LH:184
BRDA:1,0,0,2
BRDA:36,1,0,7
BRDA:38,2,0,6
BRDA:46,3,0,1
BRDA:51,4,0,7
BRDA:59,5,0,7
BRDA:73,6,0,0
BRDA:97,7,0,1
BRDA:104,8,0,6
BRDA:106,9,0,2
BRDA:111,10,0,1
BRDA:129,11,0,0
BRDA:131,12,0,0
BRDA:142,13,0,0
BRDA:146,14,0,4
BRDA:152,15,0,0
BRDA:153,16,0,4
BRDA:153,17,0,1
BRDA:153,18,0,0
BRDA:154,19,0,1
BRDA:157,20,0,0
BRDA:158,21,0,4
BRDA:158,22,0,0
BRDA:161,23,0,0
BRDA:162,24,0,4
BRDA:162,25,0,0
BRDA:165,26,0,1
BRDA:165,27,0,3
BRDA:165,28,0,1
BRDA:166,29,0,0
BRDA:167,30,0,4
BRDA:169,31,0,2
BRDA:170,32,0,0
BRDA:173,33,0,4
BRDA:175,34,0,3
BRDA:175,35,0,1
BRDA:177,36,0,4
BRDA:180,37,0,0
BRDA:184,38,0,4
BRDA:187,39,0,1
BRDA:187,40,0,0
BRDA:194,41,0,4
BRDA:196,42,0,1
BRDA:196,43,0,0
BRDA:199,44,0,4
BRDA:199,45,0,3
BRDA:199,46,0,0
BRDA:211,47,0,0
BRDA:91,48,0,2
BRF:49
BRH:32
end_of_record
